04/02/2022 18:49:20|INFO    |root                            |BAZARR is started and waiting for request on http://***.***.***.***:6767|
04/02/2022 19:53:08|INFO    |root                            |BAZARR trying to connect to Sonarr SignalR feed...|
04/02/2022 19:53:08|WARNING |apscheduler.executors.default   |Run time of job "Sync episodes with Sonarr (trigger: interval[1:00:00], next run at: 2022-02-04 20:45:54 CET)" was missed by 0:07:14.003410|
04/02/2022 19:53:08|WARNING |apscheduler.executors.default   |Run time of job "Update Series list from Sonarr (trigger: interval[1:00:00], next run at: 2022-02-04 21:51:05 CET)" was missed by 0:02:03.009798|
04/02/2022 19:54:42|WARNING |apscheduler.executors.default   |Run time of job "Update Series list from Sonarr (trigger: interval[1:00:00], next run at: 2022-02-04 21:40:00 CET)" was missed by 0:14:42.001783|
04/02/2022 19:54:42|WARNING |apscheduler.executors.default   |Run time of job "Sync episodes with Sonarr (trigger: interval[1:00:00], next run at: 2022-02-04 21:44:14 CET)" was missed by 0:10:28.002216|
04/02/2022 19:54:42|WARNING |apscheduler.executors.default   |Run time of job "Update Movie list from Radarr (trigger: interval[1:00:00], next run at: 2022-02-04 21:46:41 CET)" was missed by 0:08:01.002903|
04/02/2022 19:54:42|INFO    |root                            |BAZARR trying to connect to Radarr SignalR feed...|
04/02/2022 19:54:42|INFO    |root                            |BAZARR SignalR client for Radarr is connected and waiting for events.|
04/02/2022 19:54:42|WARNING |apscheduler.executors.default   |Run time of job "update_movies (trigger: date[2022-02-04 19:54:42 CET], next run at: 2022-02-04 19:54:42 CET)" was missed by 1:00:00.000916|
04/02/2022 19:56:16|INFO    |root                            |BAZARR trying to connect to Sonarr SignalR feed...|
04/02/2022 20:00:01|WARNING |apscheduler.executors.default   |Run time of job "Sync episodes with Sonarr (trigger: interval[1:00:00], next run at: 2022-02-04 21:54:38 CET)" was missed by 0:05:23.002219|
04/02/2022 20:00:01|WARNING |apscheduler.executors.default   |Run time of job "Update Movie list from Radarr (trigger: interval[1:00:00], next run at: 2022-02-04 21:55:11 CET)" was missed by 0:04:50.004095|
04/02/2022 20:00:01|WARNING |apscheduler.executors.default   |Run time of job "Update Series list from Sonarr (trigger: interval[1:00:00], next run at: 2022-02-04 21:56:37 CET)" was missed by 0:03:24.004797|
04/02/2022 20:00:01|ERROR   |apscheduler.scheduler           |Error notifying listener|'Traceback (most recent call last):\n  File "/app/bazarr/bin/bazarr/../libs/apscheduler/schedulers/base.py", line 836, in _dispatch_event\n    cb(event)\n  File "/app/bazarr/bin/bazarr/scheduler.py", line 39, in task_listener_add\n    event_stream(type=\'task\')\n  File "/app/bazarr/bin/bazarr/event_handler.py", line 19, in event_stream\n    socketio.emit("data", {"type": type, "action": action, "payload": payload})\n  File "/app/bazarr/bin/bazarr/../libs/flask_socketio/__init__.py", line 462, in emit\n    self.server.emit(event, *args, namespace=namespace, to=to,\nAttributeError: \'NoneType\' object has no attribute \'emit\''|
04/02/2022 20:00:01|ERROR   |apscheduler.scheduler           |Error notifying listener|'Traceback (most recent call last):\n  File "/app/bazarr/bin/bazarr/../libs/apscheduler/schedulers/base.py", line 836, in _dispatch_event\n    cb(event)\n  File "/app/bazarr/bin/bazarr/scheduler.py", line 39, in task_listener_add\n    event_stream(type=\'task\')\n  File "/app/bazarr/bin/bazarr/event_handler.py", line 19, in event_stream\n    socketio.emit("data", {"type": type, "action": action, "payload": payload})\n  File "/app/bazarr/bin/bazarr/../libs/flask_socketio/__init__.py", line 462, in emit\n    self.server.emit(event, *args, namespace=namespace, to=to,\nAttributeError: \'NoneType\' object has no attribute \'emit\''|
04/02/2022 20:00:01|ERROR   |apscheduler.scheduler           |Error notifying listener|'Traceback (most recent call last):\n  File "/app/bazarr/bin/bazarr/../libs/apscheduler/schedulers/base.py", line 836, in _dispatch_event\n    cb(event)\n  File "/app/bazarr/bin/bazarr/scheduler.py", line 39, in task_listener_add\n    event_stream(type=\'task\')\n  File "/app/bazarr/bin/bazarr/event_handler.py", line 19, in event_stream\n    socketio.emit("data", {"type": type, "action": action, "payload": payload})\n  File "/app/bazarr/bin/bazarr/../libs/flask_socketio/__init__.py", line 462, in emit\n    self.server.emit(event, *args, namespace=namespace, to=to,\nAttributeError: \'NoneType\' object has no attribute \'emit\''|
04/02/2022 20:00:01|INFO    |root                            |BAZARR trying to connect to Sonarr SignalR feed...|
04/02/2022 20:00:01|INFO    |root                            |BAZARR trying to connect to Radarr SignalR feed...|
04/02/2022 20:00:01|INFO    |root                            |BAZARR is started and waiting for request on http://***.***.***.***:6767|
04/02/2022 20:00:01|INFO    |root                            |BAZARR SignalR client for Radarr is connected and waiting for events.|
04/02/2022 20:00:01|WARNING |apscheduler.executors.default   |Run time of job "update_movies (trigger: date[2022-02-04 20:00:01 CET], next run at: 2022-02-04 20:00:01 CET)" was missed by 1:00:00.000844|
04/02/2022 20:00:01|INFO    |root                            |BAZARR SignalR client for Sonarr is connected and waiting for events.|
04/02/2022 20:00:01|WARNING |apscheduler.executors.default   |Run time of job "update_series (trigger: date[2022-02-04 20:00:01 CET], next run at: 2022-02-04 20:00:01 CET)" was missed by 1:00:00.000943|
04/02/2022 20:00:01|WARNING |apscheduler.executors.default   |Run time of job "sync_episodes (trigger: date[2022-02-04 20:00:01 CET], next run at: 2022-02-04 20:00:01 CET)" was missed by 1:00:00.001349|
